Determining size of off64_t failed with the following output:
Change Dir: C:/Daten/Projekte/SimulationPlatform/Third_Party_Libraries/zlib/zlib-1.2.11/cmake-build/CMakeFiles/CMakeTmp

Run Build Command:"C:/Program Files (x86)/Microsoft Visual Studio/2017/Community/MSBuild/15.0/Bin/MSBuild.exe" "cmTC_72bfb.vcxproj" "/p:Configuration=Debug" "/p:Platform=x64" "/p:VisualStudioVersion=15.0"
Microsoft (R)-Build-Engine, Version 15.9.21+g9802d43bc3 fr .NET Framework
Copyright (C) Microsoft Corporation. Alle Rechte vorbehalten.

Der Buildvorgang wurde am 26.02.2022 17:37:13 gestartet.
Projekt "C:\Daten\Projekte\SimulationPlatform\Third_Party_Libraries\zlib\zlib-1.2.11\cmake-build\CMakeFiles\CMakeTmp\cmTC_72bfb.vcxproj" auf Knoten "1" (Standardziele).
PrepareForBuild:
  Das Verzeichnis "cmTC_72bfb.dir\Debug\" wird erstellt.
  Das Verzeichnis "C:\Daten\Projekte\SimulationPlatform\Third_Party_Libraries\zlib\zlib-1.2.11\cmake-build\CMakeFiles\CMakeTmp\Debug\" wird erstellt.
  Das Verzeichnis "cmTC_72bfb.dir\Debug\cmTC_72bfb.tlog\" wird erstellt.
InitializeBuildStatus:
  "cmTC_72bfb.dir\Debug\cmTC_72bfb.tlog\unsuccessfulbuild" wird erstellt, da "AlwaysCreate" angegeben wurde.
ClCompile:
  C:\Program Files (x86)\Microsoft Visual Studio\2017\Community\VC\Tools\MSVC\14.16.27023\bin\HostX86\x64\CL.exe /c /Zi /W3 /WX- /diagnostics:classic /Od /Ob0 /D WIN32 /D _WINDOWS /D _LARGEFILE64_SOURCE=1 /D HAVE_SYS_TYPES_H /D HAVE_STDINT_H /D HAVE_STDDEF_H /D "CMAKE_INTDIR=\"Debug\"" /D _MBCS /Gm- /RTC1 /MDd /GS /fp:precise /Zc:wchar_t /Zc:forScope /Zc:inline /Fo"cmTC_72bfb.dir\Debug\\" /Fd"cmTC_72bfb.dir\Debug\vc141.pdb" /Gd /TC /errorReport:queue "C:\Daten\Projekte\SimulationPlatform\Third_Party_Libraries\zlib\zlib-1.2.11\cmake-build\CMakeFiles\CheckTypeSize\OFF64_T.c"
  Microsoft (R) C/C++-Optimierungscompiler Version 19.16.27044 fr x64
  Copyright (C) Microsoft Corporation. Alle Rechte vorbehalten.
  
  cl /c /Zi /W3 /WX- /diagnostics:classic /Od /Ob0 /D WIN32 /D _WINDOWS /D _LARGEFILE64_SOURCE=1 /D HAVE_SYS_TYPES_H /D HAVE_STDINT_H /D HAVE_STDDEF_H /D "CMAKE_INTDIR=\"Debug\"" /D _MBCS /Gm- /RTC1 /MDd /GS /fp:precise /Zc:wchar_t /Zc:forScope /Zc:inline /Fo"cmTC_72bfb.dir\Debug\\" /Fd"cmTC_72bfb.dir\Debug\vc141.pdb" /Gd /TC /errorReport:queue "C:\Daten\Projekte\SimulationPlatform\Third_Party_Libraries\zlib\zlib-1.2.11\cmake-build\CMakeFiles\CheckTypeSize\OFF64_T.c"
  OFF64_T.c
  
C:\Daten\Projekte\SimulationPlatform\Third_Party_Libraries\zlib\zlib-1.2.11\cmake-build\CMakeFiles\CheckTypeSize\OFF64_T.c(25): error C2065: "off64_t": nichtdeklarierter Bezeichner [C:\Daten\Projekte\SimulationPlatform\Third_Party_Libraries\zlib\zlib-1.2.11\cmake-build\CMakeFiles\CMakeTmp\cmTC_72bfb.vcxproj]
C:\Daten\Projekte\SimulationPlatform\Third_Party_Libraries\zlib\zlib-1.2.11\cmake-build\CMakeFiles\CheckTypeSize\OFF64_T.c(26): error C2065: "off64_t": nichtdeklarierter Bezeichner [C:\Daten\Projekte\SimulationPlatform\Third_Party_Libraries\zlib\zlib-1.2.11\cmake-build\CMakeFiles\CMakeTmp\cmTC_72bfb.vcxproj]
C:\Daten\Projekte\SimulationPlatform\Third_Party_Libraries\zlib\zlib-1.2.11\cmake-build\CMakeFiles\CheckTypeSize\OFF64_T.c(27): error C2065: "off64_t": nichtdeklarierter Bezeichner [C:\Daten\Projekte\SimulationPlatform\Third_Party_Libraries\zlib\zlib-1.2.11\cmake-build\CMakeFiles\CMakeTmp\cmTC_72bfb.vcxproj]
C:\Daten\Projekte\SimulationPlatform\Third_Party_Libraries\zlib\zlib-1.2.11\cmake-build\CMakeFiles\CheckTypeSize\OFF64_T.c(28): error C2065: "off64_t": nichtdeklarierter Bezeichner [C:\Daten\Projekte\SimulationPlatform\Third_Party_Libraries\zlib\zlib-1.2.11\cmake-build\CMakeFiles\CMakeTmp\cmTC_72bfb.vcxproj]
C:\Daten\Projekte\SimulationPlatform\Third_Party_Libraries\zlib\zlib-1.2.11\cmake-build\CMakeFiles\CheckTypeSize\OFF64_T.c(29): error C2065: "off64_t": nichtdeklarierter Bezeichner [C:\Daten\Projekte\SimulationPlatform\Third_Party_Libraries\zlib\zlib-1.2.11\cmake-build\CMakeFiles\CMakeTmp\cmTC_72bfb.vcxproj]
Die Erstellung des Projekts "C:\Daten\Projekte\SimulationPlatform\Third_Party_Libraries\zlib\zlib-1.2.11\cmake-build\CMakeFiles\CMakeTmp\cmTC_72bfb.vcxproj" ist abgeschlossen (Standardziele) -- FEHLER.

Fehler beim Buildvorgang.

"C:\Daten\Projekte\SimulationPlatform\Third_Party_Libraries\zlib\zlib-1.2.11\cmake-build\CMakeFiles\CMakeTmp\cmTC_72bfb.vcxproj" (Standardziel) (1) ->
(ClCompile Ziel) -> 
  C:\Daten\Projekte\SimulationPlatform\Third_Party_Libraries\zlib\zlib-1.2.11\cmake-build\CMakeFiles\CheckTypeSize\OFF64_T.c(25): error C2065: "off64_t": nichtdeklarierter Bezeichner [C:\Daten\Projekte\SimulationPlatform\Third_Party_Libraries\zlib\zlib-1.2.11\cmake-build\CMakeFiles\CMakeTmp\cmTC_72bfb.vcxproj]
  C:\Daten\Projekte\SimulationPlatform\Third_Party_Libraries\zlib\zlib-1.2.11\cmake-build\CMakeFiles\CheckTypeSize\OFF64_T.c(26): error C2065: "off64_t": nichtdeklarierter Bezeichner [C:\Daten\Projekte\SimulationPlatform\Third_Party_Libraries\zlib\zlib-1.2.11\cmake-build\CMakeFiles\CMakeTmp\cmTC_72bfb.vcxproj]
  C:\Daten\Projekte\SimulationPlatform\Third_Party_Libraries\zlib\zlib-1.2.11\cmake-build\CMakeFiles\CheckTypeSize\OFF64_T.c(27): error C2065: "off64_t": nichtdeklarierter Bezeichner [C:\Daten\Projekte\SimulationPlatform\Third_Party_Libraries\zlib\zlib-1.2.11\cmake-build\CMakeFiles\CMakeTmp\cmTC_72bfb.vcxproj]
  C:\Daten\Projekte\SimulationPlatform\Third_Party_Libraries\zlib\zlib-1.2.11\cmake-build\CMakeFiles\CheckTypeSize\OFF64_T.c(28): error C2065: "off64_t": nichtdeklarierter Bezeichner [C:\Daten\Projekte\SimulationPlatform\Third_Party_Libraries\zlib\zlib-1.2.11\cmake-build\CMakeFiles\CMakeTmp\cmTC_72bfb.vcxproj]
  C:\Daten\Projekte\SimulationPlatform\Third_Party_Libraries\zlib\zlib-1.2.11\cmake-build\CMakeFiles\CheckTypeSize\OFF64_T.c(29): error C2065: "off64_t": nichtdeklarierter Bezeichner [C:\Daten\Projekte\SimulationPlatform\Third_Party_Libraries\zlib\zlib-1.2.11\cmake-build\CMakeFiles\CMakeTmp\cmTC_72bfb.vcxproj]

    0 Warnung(en)
    5 Fehler

Verstrichene Zeit 00:00:00.51

C:/Daten/Projekte/SimulationPlatform/Third_Party_Libraries/zlib/zlib-1.2.11/cmake-build/CMakeFiles/CheckTypeSize/OFF64_T.c:
#include <sys/types.h>
#include <stdint.h>
#include <stddef.h>


#undef KEY
#if defined(__i386)
# define KEY '_','_','i','3','8','6'
#elif defined(__x86_64)
# define KEY '_','_','x','8','6','_','6','4'
#elif defined(__ppc__)
# define KEY '_','_','p','p','c','_','_'
#elif defined(__ppc64__)
# define KEY '_','_','p','p','c','6','4','_','_'
#elif defined(__aarch64__)
# define KEY '_','_','a','a','r','c','h','6','4','_','_'
#elif defined(__ARM_ARCH_7A__)
# define KEY '_','_','A','R','M','_','A','R','C','H','_','7','A','_','_'
#elif defined(__ARM_ARCH_7S__)
# define KEY '_','_','A','R','M','_','A','R','C','H','_','7','S','_','_'
#endif

#define SIZE (sizeof(off64_t))
char info_size[] =  {'I', 'N', 'F', 'O', ':', 's','i','z','e','[',
  ('0' + ((SIZE / 10000)%10)),
  ('0' + ((SIZE / 1000)%10)),
  ('0' + ((SIZE / 100)%10)),
  ('0' + ((SIZE / 10)%10)),
  ('0' +  (SIZE    % 10)),
  ']',
#ifdef KEY
  ' ','k','e','y','[', KEY, ']',
#endif
  '\0'};

#ifdef __CLASSIC_C__
int main(argc, argv) int argc; char *argv[];
#else
int main(int argc, char *argv[])
#endif
{
  int require = 0;
  require += info_size[argc];
  (void)argv;
  return require;
}


Determining if the function fseeko exists failed with the following output:
Change Dir: C:/Daten/Projekte/SimulationPlatform/Third_Party_Libraries/zlib/zlib-1.2.11/cmake-build/CMakeFiles/CMakeTmp

Run Build Command:"C:/Program Files (x86)/Microsoft Visual Studio/2017/Community/MSBuild/15.0/Bin/MSBuild.exe" "cmTC_c572b.vcxproj" "/p:Configuration=Debug" "/p:Platform=x64" "/p:VisualStudioVersion=15.0"
Microsoft (R)-Build-Engine, Version 15.9.21+g9802d43bc3 fr .NET Framework
Copyright (C) Microsoft Corporation. Alle Rechte vorbehalten.

Der Buildvorgang wurde am 26.02.2022 17:37:14 gestartet.
Projekt "C:\Daten\Projekte\SimulationPlatform\Third_Party_Libraries\zlib\zlib-1.2.11\cmake-build\CMakeFiles\CMakeTmp\cmTC_c572b.vcxproj" auf Knoten "1" (Standardziele).
PrepareForBuild:
  Das Verzeichnis "cmTC_c572b.dir\Debug\" wird erstellt.
  Das Verzeichnis "C:\Daten\Projekte\SimulationPlatform\Third_Party_Libraries\zlib\zlib-1.2.11\cmake-build\CMakeFiles\CMakeTmp\Debug\" wird erstellt.
  Das Verzeichnis "cmTC_c572b.dir\Debug\cmTC_c572b.tlog\" wird erstellt.
InitializeBuildStatus:
  "cmTC_c572b.dir\Debug\cmTC_c572b.tlog\unsuccessfulbuild" wird erstellt, da "AlwaysCreate" angegeben wurde.
ClCompile:
  C:\Program Files (x86)\Microsoft Visual Studio\2017\Community\VC\Tools\MSVC\14.16.27023\bin\HostX86\x64\CL.exe /c /Zi /W3 /WX- /diagnostics:classic /Od /Ob0 /D WIN32 /D _WINDOWS /D CHECK_FUNCTION_EXISTS=fseeko /D "CMAKE_INTDIR=\"Debug\"" /D _MBCS /Gm- /RTC1 /MDd /GS /fp:precise /Zc:wchar_t /Zc:forScope /Zc:inline /Fo"cmTC_c572b.dir\Debug\\" /Fd"cmTC_c572b.dir\Debug\vc141.pdb" /Gd /TC /errorReport:queue "C:\Program Files\CMake\share\cmake-3.13\Modules\CheckFunctionExists.c"
  Microsoft (R) C/C++-Optimierungscompiler Version 19.16.27044 fr x64
  Copyright (C) Microsoft Corporation. Alle Rechte vorbehalten.
  
  cl /c /Zi /W3 /WX- /diagnostics:classic /Od /Ob0 /D WIN32 /D _WINDOWS /D CHECK_FUNCTION_EXISTS=fseeko /D "CMAKE_INTDIR=\"Debug\"" /D _MBCS /Gm- /RTC1 /MDd /GS /fp:precise /Zc:wchar_t /Zc:forScope /Zc:inline /Fo"cmTC_c572b.dir\Debug\\" /Fd"cmTC_c572b.dir\Debug\vc141.pdb" /Gd /TC /errorReport:queue "C:\Program Files\CMake\share\cmake-3.13\Modules\CheckFunctionExists.c"
  CheckFunctionExists.c
  
Link:
  C:\Program Files (x86)\Microsoft Visual Studio\2017\Community\VC\Tools\MSVC\14.16.27023\bin\HostX86\x64\link.exe /ERRORREPORT:QUEUE /OUT:"C:\Daten\Projekte\SimulationPlatform\Third_Party_Libraries\zlib\zlib-1.2.11\cmake-build\CMakeFiles\CMakeTmp\Debug\cmTC_c572b.exe" /INCREMENTAL /NOLOGO kernel32.lib user32.lib gdi32.lib winspool.lib shell32.lib ole32.lib oleaut32.lib uuid.lib comdlg32.lib advapi32.lib /MANIFEST /MANIFESTUAC:"level='asInvoker' uiAccess='false'" /manifest:embed /DEBUG /PDB:"C:/Daten/Projekte/SimulationPlatform/Third_Party_Libraries/zlib/zlib-1.2.11/cmake-build/CMakeFiles/CMakeTmp/Debug/cmTC_c572b.pdb" /SUBSYSTEM:CONSOLE /TLBID:1 /DYNAMICBASE /NXCOMPAT /IMPLIB:"C:/Daten/Projekte/SimulationPlatform/Third_Party_Libraries/zlib/zlib-1.2.11/cmake-build/CMakeFiles/CMakeTmp/Debug/cmTC_c572b.lib" /MACHINE:X64  /machine:x64 cmTC_c572b.dir\Debug\CheckFunctionExists.obj
CheckFunctionExists.obj : error LNK2019: Verweis auf nicht aufgelöstes externes Symbol "fseeko" in Funktion "main". [C:\Daten\Projekte\SimulationPlatform\Third_Party_Libraries\zlib\zlib-1.2.11\cmake-build\CMakeFiles\CMakeTmp\cmTC_c572b.vcxproj]
C:\Daten\Projekte\SimulationPlatform\Third_Party_Libraries\zlib\zlib-1.2.11\cmake-build\CMakeFiles\CMakeTmp\Debug\cmTC_c572b.exe : fatal error LNK1120: 1 nicht aufgelöste Externe [C:\Daten\Projekte\SimulationPlatform\Third_Party_Libraries\zlib\zlib-1.2.11\cmake-build\CMakeFiles\CMakeTmp\cmTC_c572b.vcxproj]
Die Erstellung des Projekts "C:\Daten\Projekte\SimulationPlatform\Third_Party_Libraries\zlib\zlib-1.2.11\cmake-build\CMakeFiles\CMakeTmp\cmTC_c572b.vcxproj" ist abgeschlossen (Standardziele) -- FEHLER.

Fehler beim Buildvorgang.

"C:\Daten\Projekte\SimulationPlatform\Third_Party_Libraries\zlib\zlib-1.2.11\cmake-build\CMakeFiles\CMakeTmp\cmTC_c572b.vcxproj" (Standardziel) (1) ->
(Link Ziel) -> 
  CheckFunctionExists.obj : error LNK2019: Verweis auf nicht aufgelöstes externes Symbol "fseeko" in Funktion "main". [C:\Daten\Projekte\SimulationPlatform\Third_Party_Libraries\zlib\zlib-1.2.11\cmake-build\CMakeFiles\CMakeTmp\cmTC_c572b.vcxproj]
  C:\Daten\Projekte\SimulationPlatform\Third_Party_Libraries\zlib\zlib-1.2.11\cmake-build\CMakeFiles\CMakeTmp\Debug\cmTC_c572b.exe : fatal error LNK1120: 1 nicht aufgelöste Externe [C:\Daten\Projekte\SimulationPlatform\Third_Party_Libraries\zlib\zlib-1.2.11\cmake-build\CMakeFiles\CMakeTmp\cmTC_c572b.vcxproj]

    0 Warnung(en)
    2 Fehler

Verstrichene Zeit 00:00:00.78


Determining if the include file unistd.h exists failed with the following output:
Change Dir: C:/Daten/Projekte/SimulationPlatform/Third_Party_Libraries/zlib/zlib-1.2.11/cmake-build/CMakeFiles/CMakeTmp

Run Build Command:"C:/Program Files (x86)/Microsoft Visual Studio/2017/Community/MSBuild/15.0/Bin/MSBuild.exe" "cmTC_7fd82.vcxproj" "/p:Configuration=Debug" "/p:Platform=x64" "/p:VisualStudioVersion=15.0"
Microsoft (R)-Build-Engine, Version 15.9.21+g9802d43bc3 fr .NET Framework
Copyright (C) Microsoft Corporation. Alle Rechte vorbehalten.

Der Buildvorgang wurde am 26.02.2022 17:37:15 gestartet.
Projekt "C:\Daten\Projekte\SimulationPlatform\Third_Party_Libraries\zlib\zlib-1.2.11\cmake-build\CMakeFiles\CMakeTmp\cmTC_7fd82.vcxproj" auf Knoten "1" (Standardziele).
PrepareForBuild:
  Das Verzeichnis "cmTC_7fd82.dir\Debug\" wird erstellt.
  Das Verzeichnis "C:\Daten\Projekte\SimulationPlatform\Third_Party_Libraries\zlib\zlib-1.2.11\cmake-build\CMakeFiles\CMakeTmp\Debug\" wird erstellt.
  Das Verzeichnis "cmTC_7fd82.dir\Debug\cmTC_7fd82.tlog\" wird erstellt.
InitializeBuildStatus:
  "cmTC_7fd82.dir\Debug\cmTC_7fd82.tlog\unsuccessfulbuild" wird erstellt, da "AlwaysCreate" angegeben wurde.
ClCompile:
  C:\Program Files (x86)\Microsoft Visual Studio\2017\Community\VC\Tools\MSVC\14.16.27023\bin\HostX86\x64\CL.exe /c /Zi /W3 /WX- /diagnostics:classic /Od /Ob0 /D WIN32 /D _WINDOWS /D "CMAKE_INTDIR=\"Debug\"" /D _MBCS /Gm- /RTC1 /MDd /GS /fp:precise /Zc:wchar_t /Zc:forScope /Zc:inline /Fo"cmTC_7fd82.dir\Debug\\" /Fd"cmTC_7fd82.dir\Debug\vc141.pdb" /Gd /TC /errorReport:queue "C:\Daten\Projekte\SimulationPlatform\Third_Party_Libraries\zlib\zlib-1.2.11\cmake-build\CMakeFiles\CMakeTmp\CheckIncludeFile.c"
  Microsoft (R) C/C++-Optimierungscompiler Version 19.16.27044 fr x64
  Copyright (C) Microsoft Corporation. Alle Rechte vorbehalten.
  
  cl /c /Zi /W3 /WX- /diagnostics:classic /Od /Ob0 /D WIN32 /D _WINDOWS /D "CMAKE_INTDIR=\"Debug\"" /D _MBCS /Gm- /RTC1 /MDd /GS /fp:precise /Zc:wchar_t /Zc:forScope /Zc:inline /Fo"cmTC_7fd82.dir\Debug\\" /Fd"cmTC_7fd82.dir\Debug\vc141.pdb" /Gd /TC /errorReport:queue "C:\Daten\Projekte\SimulationPlatform\Third_Party_Libraries\zlib\zlib-1.2.11\cmake-build\CMakeFiles\CMakeTmp\CheckIncludeFile.c"
  CheckIncludeFile.c
  
C:\Daten\Projekte\SimulationPlatform\Third_Party_Libraries\zlib\zlib-1.2.11\cmake-build\CMakeFiles\CMakeTmp\CheckIncludeFile.c(1): fatal error C1083: Datei (Include) kann nicht ge”ffnet werden: "unistd.h": No such file or directory [C:\Daten\Projekte\SimulationPlatform\Third_Party_Libraries\zlib\zlib-1.2.11\cmake-build\CMakeFiles\CMakeTmp\cmTC_7fd82.vcxproj]
Die Erstellung des Projekts "C:\Daten\Projekte\SimulationPlatform\Third_Party_Libraries\zlib\zlib-1.2.11\cmake-build\CMakeFiles\CMakeTmp\cmTC_7fd82.vcxproj" ist abgeschlossen (Standardziele) -- FEHLER.

Fehler beim Buildvorgang.

"C:\Daten\Projekte\SimulationPlatform\Third_Party_Libraries\zlib\zlib-1.2.11\cmake-build\CMakeFiles\CMakeTmp\cmTC_7fd82.vcxproj" (Standardziel) (1) ->
(ClCompile Ziel) -> 
  C:\Daten\Projekte\SimulationPlatform\Third_Party_Libraries\zlib\zlib-1.2.11\cmake-build\CMakeFiles\CMakeTmp\CheckIncludeFile.c(1): fatal error C1083: Datei (Include) kann nicht ge”ffnet werden: "unistd.h": No such file or directory [C:\Daten\Projekte\SimulationPlatform\Third_Party_Libraries\zlib\zlib-1.2.11\cmake-build\CMakeFiles\CMakeTmp\cmTC_7fd82.vcxproj]

    0 Warnung(en)
    1 Fehler

Verstrichene Zeit 00:00:00.47


